<?xml version="1.0" encoding="UTF-8"?>
<testsuite xmlns:xsi="http://www.w3.org/2001/XMLSchema-instance" xsi:noNamespaceSchemaLocation="https://maven.apache.org/surefire/maven-surefire-plugin/xsd/surefire-test-report.xsd" version="3.0.2" name="com.configms.ConfigmsApplicationTests" time="1.922" tests="1" errors="0" skipped="0" failures="0">
  <properties>
[...]
</properties>
  <testcase name="contextLoads" classname="com.configms.ConfigmsApplicationTests" time="0.417">
    <system-out><![CDATA[18:48:04.389 [main] INFO org.springframework.test.context.support.AnnotationConfigContextLoaderUtils -- Could not detect default configuration classes for test class [com.configms.ConfigmsApplicationTests]: ConfigmsApplicationTests does not declare any static, non-private, non-final, nested classes annotated with @Configuration.
18:48:04.447 [main] INFO org.springframework.boot.test.context.SpringBootTestContextBootstrapper -- Found @SpringBootConfiguration com.configms.ConfigmsApplication for test class com.configms.ConfigmsApplicationTests
 __  __     __   __     ______     __     __     __         __  __              ______     ______     __   __     ______   __     ______    
/\ \/ /    /\ "-.\ \   /\  __ \   /\ \  _ \ \   /\ \       /\ \_\ \            /\  ___\   /\  __ \   /\ "-.\ \   /\  ___\ /\ \   /\  ___\   
\ \  _"-.  \ \ \-.  \  \ \ \/\ \  \ \ \/ ".\ \  \ \ \____  \ \____ \           \ \ \____  \ \ \/\ \  \ \ \-.  \  \ \  __\ \ \ \  \ \ \__ \  
 \ \_\ \_\  \ \_\\"\_\  \ \_____\  \ \__/".~\_\  \ \_____\  \/\_____\           \ \_____\  \ \_____\  \ \_\\"\_\  \ \_\    \ \_\  \ \_____\ 
  \/_/\/_/   \/_/ \/_/   \/_____/   \/_/   \/_/   \/_____/   \/_____/            \/_____/   \/_____/   \/_/ \/_/   \/_/     \/_/   \/_____/ 
 
 **** Puertocho Studios ****
 
Powered by Spring Boot 3.4.4
2025-03-27T18:48:04.855+01:00  INFO 2521543 --- [knowly-config] [           main] com.configms.ConfigmsApplicationTests    : Starting ConfigmsApplicationTests using Java 21.0.6 with PID 2521543 (started by puertocho in /home/puertocho/Proyectos/knowly/knowly_server/configms)
2025-03-27T18:48:04.857+01:00  INFO 2521543 --- [knowly-config] [           main] com.configms.ConfigmsApplicationTests    : The following 1 profile is active: "native"
2025-03-27T18:48:05.263+01:00  INFO 2521543 --- [knowly-config] [           main] o.s.cloud.context.scope.GenericScope     : BeanFactory id=0ae6a4f7-9ce9-3cd7-989b-4f7456d01304
2025-03-27T18:48:05.801+01:00  INFO 2521543 --- [knowly-config] [           main] com.configms.ConfigmsApplicationTests    : Started ConfigmsApplicationTests in 1.16 seconds (process running for 1.771)
]]></system-out>
    <system-err><![CDATA[Mockito is currently self-attaching to enable the inline-mock-maker. This will no longer work in future releases of the JDK. Please add Mockito as an agent to your build what is described in Mockito's documentation: https://javadoc.io/doc/org.mockito/mockito-core/latest/org/mockito/Mockito.html#0.3
WARNING: A Java agent has been loaded dynamically (/home/puertocho/.m2/repository/net/bytebuddy/byte-buddy-agent/1.15.11/byte-buddy-agent-1.15.11.jar)
WARNING: If a serviceability tool is in use, please run with -XX:+EnableDynamicAgentLoading to hide this warning
WARNING: If a serviceability tool is not in use, please run with -Djdk.instrument.traceUsage for more information
WARNING: Dynamic loading of agents will be disallowed by default in a future release
]]></system-err>
  </testcase>
</testsuite>